<?xml version="1.0" encoding="UTF-8"?>
<testsuite xmlns:xsi="http://www.w3.org/2001/XMLSchema-instance" xsi:noNamespaceSchemaLocation="https://maven.apache.org/surefire/maven-surefire-plugin/xsd/surefire-test-report-3.0.xsd" version="3.0" name="LogParserApp.RequestLogHandlerTest" time="0.031" tests="9" errors="0" skipped="0" failures="0">
  <properties>
[...]
</properties>
  <testcase name="testMultipleValidLogsSameUrl" classname="LogParserApp.RequestLogHandlerTest" time="0.012"/>
  <testcase name="testStatusCodeGrouping" classname="LogParserApp.RequestLogHandlerTest" time="0.001"/>
  <testcase name="testCalculateMedianOdd" classname="LogParserApp.RequestLogHandlerTest" time="0.001"/>
  <testcase name="testValidLogEntry" classname="LogParserApp.RequestLogHandlerTest" time="0.003"/>
  <testcase name="testCalculateMedianEven" classname="LogParserApp.RequestLogHandlerTest" time="0.001"/>
  <testcase name="testCalculateAverage" classname="LogParserApp.RequestLogHandlerTest" time="0.001"/>
  <testcase name="testInvalidResponseTime" classname="LogParserApp.RequestLogHandlerTest" time="0.002">
    <system-out><![CDATA[Ignoring non-numeric response time for URL: /api/update
]]></system-out>
  </testcase>
  <testcase name="testEmptyLogEntry" classname="LogParserApp.RequestLogHandlerTest" time="0.001"/>
  <testcase name="testInvalidResponseStatus" classname="LogParserApp.RequestLogHandlerTest" time="0.001">
    <system-out><![CDATA[Invalid response status format, expected 3 digits, found: ABC
]]></system-out>
  </testcase>
</testsuite>